\BOOKMARK [-1][-]{Doc-Start}{\376\377\000A\000B\000S\000T\000R\000A\000C\000T}{}% 1
\BOOKMARK [-1][-]{Doc-Start}{\376\377\000L\000I\000S\000T\000\040\000O\000F\000\040\000T\000A\000B\000L\000E\000S}{}% 2
\BOOKMARK [-1][-]{Doc-Start}{\376\377\000L\000I\000S\000T\000\040\000O\000F\000\040\000F\000I\000G\000U\000R\000E\000S}{}% 3
\BOOKMARK [0][-]{chapter.1}{\376\377\000I\000N\000T\000R\000O\000D\000U\000C\000T\000I\000O\000N}{Doc-Start}% 4
\BOOKMARK [1][-]{section.1.1}{\376\377\000B\000a\000c\000k\000g\000r\000o\000u\000n\000d\000\040\000o\000f\000\040\000t\000h\000e\000\040\000S\000t\000u\000d\000y}{chapter.1}% 5
\BOOKMARK [1][-]{section.1.2}{\376\377\000S\000t\000a\000t\000e\000m\000e\000n\000t\000\040\000o\000f\000\040\000t\000h\000e\000\040\000P\000r\000o\000b\000l\000e\000m}{chapter.1}% 6
\BOOKMARK [1][-]{section.1.3}{\376\377\000R\000e\000s\000e\000a\000r\000c\000h\000\040\000Q\000u\000e\000s\000t\000i\000o\000n\000s}{chapter.1}% 7
\BOOKMARK [1][-]{section.1.4}{\376\377\000O\000b\000j\000e\000c\000t\000i\000v\000e\000s\000\040\000o\000f\000\040\000t\000h\000e\000\040\000S\000t\000u\000d\000y}{chapter.1}% 8
\BOOKMARK [1][-]{section.1.5}{\376\377\000S\000c\000o\000p\000e\000\040\000a\000n\000d\000\040\000L\000i\000m\000i\000t\000a\000t\000i\000o\000n\000s}{chapter.1}% 9
\BOOKMARK [0][-]{chapter.2}{\376\377\000L\000i\000t\000e\000r\000a\000t\000u\000r\000e\000\040\000R\000e\000v\000i\000e\000w}{Doc-Start}% 10
\BOOKMARK [1][-]{section.2.1}{\376\377\000F\000a\000l\000l}{chapter.2}% 11
\BOOKMARK [2][-]{subsection.2.1.1}{\376\377\000F\000a\000l\000l\000\040\000D\000e\000t\000e\000c\000t\000i\000o\000n}{section.2.1}% 12
\BOOKMARK [2][-]{subsection.2.1.2}{\376\377\000F\000a\000l\000l\000\040\000d\000e\000t\000e\000c\000t\000i\000o\000n\000\040\000b\000y\000\040\000u\000s\000i\000n\000g\000\040\000v\000i\000b\000r\000a\000t\000i\000o\000n\000\040\000s\000e\000n\000s\000o\000r\000s}{section.2.1}% 13
\BOOKMARK [1][-]{section.2.2}{\376\377\000H\000u\000m\000a\000n\000\040\000A\000c\000t\000i\000v\000i\000t\000y}{chapter.2}% 14
\BOOKMARK [1][-]{section.2.3}{\376\377\000F\000l\000o\000o\000r\000\040\000V\000i\000b\000r\000a\000t\000i\000o\000n\000s}{chapter.2}% 15
\BOOKMARK [1][-]{section.2.4}{\376\377\000T\000i\000m\000e\000\040\000S\000e\000r\000i\000e\000s}{chapter.2}% 16
\BOOKMARK [2][-]{subsection.2.4.1}{\376\377\000A\000u\000t\000o\000r\000e\000g\000r\000e\000s\000s\000i\000v\000e\000\040\000\050\000A\000R\000\051}{section.2.4}% 17
\BOOKMARK [2][-]{subsection.2.4.2}{\376\377\000T\000i\000m\000e\000\040\000s\000e\000r\000i\000e\000s\000\040\000c\000l\000a\000s\000s\000i\000f\000i\000c\000a\000t\000i\000o\000n}{section.2.4}% 18
\BOOKMARK [2][-]{subsection.2.4.3}{\376\377\000C\000o\000n\000v\000o\000l\000u\000t\000i\000o\000n\000a\000l\000\040\000N\000e\000u\000r\000a\000l\000\040\000N\000e\000t\000w\000o\000r\000k\000\040\000\050\000C\000N\000N\000\051}{section.2.4}% 19
\BOOKMARK [1][-]{section.2.5}{\376\377\000A\000u\000t\000o\000e\000n\000c\000o\000d\000e\000r\000s}{chapter.2}% 20
\BOOKMARK [2][-]{subsection.2.5.1}{\376\377\000A\000u\000t\000o\000e\000n\000c\000o\000d\000e\000r\000s\000\040\000f\000o\000r\000\040\000A\000n\000o\000m\000a\000l\000y\000\040\000D\000e\000t\000e\000c\000t\000i\000o\000n}{section.2.5}% 21
\BOOKMARK [2][-]{subsection.2.5.2}{\376\377\000V\000a\000r\000i\000a\000t\000i\000o\000n\000a\000l\000\040\000A\000u\000t\000o\000e\000n\000c\000o\000d\000e\000r}{section.2.5}% 22
\BOOKMARK [1][-]{section.2.6}{\376\377\000R\000e\000c\000u\000r\000r\000e\000n\000t\000\040\000N\000e\000u\000r\000a\000l\000\040\000N\000e\000t\000w\000o\000r\000k\000\040\000\050\000R\000N\000N\000\051}{chapter.2}% 23
\BOOKMARK [1][-]{section.2.7}{\376\377\000L\000o\000n\000g\000\040\000S\000h\000o\000r\000t\000-\000T\000e\000r\000m\000\040\000M\000e\000m\000o\000r\000y\000\040\000\050\000L\000S\000T\000M\000\051}{chapter.2}% 24
\BOOKMARK [1][-]{section.2.8}{\376\377\000T\000r\000a\000n\000s\000f\000o\000r\000m\000e\000r}{chapter.2}% 25
\BOOKMARK [2][-]{subsection.2.8.1}{\376\377\000A\000t\000t\000e\000n\000t\000i\000o\000n}{section.2.8}% 26
\BOOKMARK [2][-]{subsection.2.8.2}{\376\377\000P\000o\000s\000i\000t\000i\000o\000n\000a\000l\000\040\000E\000n\000c\000o\000d\000i\000n\000g}{section.2.8}% 27
\BOOKMARK [0][-]{chapter.3}{\376\377\000M\000e\000t\000h\000o\000d\000o\000l\000o\000g\000y}{Doc-Start}% 28
\BOOKMARK [1][-]{section.3.1}{\376\377\000D\000a\000t\000a\000\040\000C\000o\000l\000l\000e\000c\000t\000i\000o\000n}{chapter.3}% 29
\BOOKMARK [2][-]{subsection.3.1.1}{\376\377\000H\000a\000r\000d\000w\000a\000r\000e}{section.3.1}% 30
\BOOKMARK [2][-]{subsection.3.1.2}{\376\377\000E\000x\000p\000e\000r\000i\000m\000e\000n\000t\000a\000l\000\040\000S\000e\000t\000u\000p}{section.3.1}% 31
\BOOKMARK [2][-]{subsection.3.1.3}{\376\377\000E\000x\000p\000e\000r\000i\000m\000e\000n\000t\000a\000l\000\040\000E\000v\000e\000n\000t}{section.3.1}% 32
\BOOKMARK [1][-]{section.3.2}{\376\377\000A\000n\000o\000m\000a\000l\000y\000\040\000D\000e\000t\000e\000c\000t\000i\000o\000n\000\040\000M\000o\000d\000e\000l\000s}{chapter.3}% 33
\BOOKMARK [2][-]{subsection.3.2.1}{\376\377\000E\000v\000a\000l\000u\000a\000t\000i\000o\000n\000\040\000P\000l\000a\000n}{section.3.2}% 34
\BOOKMARK [1][-]{section.3.3}{\376\377\000D\000e\000p\000l\000o\000y\000m\000e\000n\000t}{chapter.3}% 35
\BOOKMARK [0][-]{chapter.4}{\376\377\000E\000X\000P\000E\000C\000T\000E\000D\000\040\000O\000U\000T\000C\000O\000M\000E\000S}{Doc-Start}% 36
\BOOKMARK [0][-]{chapter.5}{\376\377\000W\000O\000R\000K\000\040\000P\000L\000A\000N}{Doc-Start}% 37
\BOOKMARK [-1][-]{figure.caption.40}{\376\377\000R\000E\000F\000E\000R\000E\000N\000C\000E\000S}{}% 38
